<?xml version="1.0" encoding="UTF-8"?>
<!-- Generated by org.testng.reporters.JUnitReportReporter -->
<testsuite hostname="DESKTOP-MGEE5SL" failures="0" tests="2" name="POM.annotation" time="0.008" errors="0" timestamp="2022-04-19T17:48:23 IST" skipped="0">
  <testcase classname="POM.annotation" name="test2" time="0.002"/>
  <system-out/>
  <testcase classname="POM.annotation" name="test1" time="0.006"/>
  <system-out/>
</testsuite> <!-- POM.annotation -->
