<?xml version="1.0" encoding="UTF-8"?>
<!-- Generated by org.testng.reporters.JUnitReportReporter -->
<testsuite hostname="DESKTOP-MGEE5SL" failures="0" tests="2" name="POM.zerodhaloginwithannotation" time="17.711" errors="0" timestamp="2022-04-23T16:03:58 IST" skipped="0">
  <testcase classname="POM.zerodhaloginwithannotation" name="loginwithcred" time="9.479"/>
  <system-out/>
  <testcase classname="POM.zerodhaloginwithannotation" name="blank" time="8.232"/>
  <system-out/>
</testsuite> <!-- POM.zerodhaloginwithannotation -->
