<?xml version="1.0" encoding="UTF-8"?>
<!-- Generated by org.testng.reporters.JUnitReportReporter -->
<testsuite hostname="DESKTOP-MGEE5SL" failures="0" tests="2" name="POM.dlt2pombyannotation" time="13.024" errors="0" timestamp="2022-04-19T18:37:26 IST" skipped="0">
  <testcase classname="POM.dlt2pombyannotation" name="validcred" time="7.089"/>
  <system-out/>
  <testcase classname="POM.dlt2pombyannotation" name="blanksub" time="5.935"/>
  <system-out/>
</testsuite> <!-- POM.dlt2pombyannotation -->
