<?xml version="1.0" encoding="UTF-8"?>
<!-- Generated by org.testng.reporters.JUnitReportReporter -->
<testsuite hostname="DESKTOP-MGEE5SL" failures="0" tests="6" name="POM.keywordss" time="1.032" errors="0" timestamp="2022-04-25T12:42:17 IST" skipped="1">
  <testcase classname="POM.keywordss" name="testc" time="0.006"/>
  <system-out/>
  <testcase classname="POM.keywordss" name="testk" time="1.021"/>
  <system-out/>
  <testcase classname="POM.keywordss" name="test2" time="0.003"/>
  <system-out/>
  <testcase classname="POM.keywordss" name="test2" time="0.000"/>
  <system-out/>
  <testcase classname="POM.keywordss" name="testa" time="0.002"/>
  <system-out/>
  <testcase classname="POM.keywordss" name="tests">
    <skipped/>
  </testcase> <!-- tests -->
  <system-out/>
</testsuite> <!-- POM.keywordss -->
